Ampere/build/outputs/logs/manifest-merger-debug-report.txt
-- Merging decision tree log ---
manifest
ADDED from PhysicsAndroid/Ampere/AndroidManifest.xml:2:1-23:12
	package
		ADDED from PhysicsAndroid/Ampere/AndroidManifest.xml:3:5-41
	android:versionName
		ADDED from PhysicsAndroid/Ampere/AndroidManifest.xml:5:5-30
		INJECTED from PhysicsAndroid/Ampere/AndroidManifest.xml
		INJECTED from PhysicsAndroid/Ampere/AndroidManifest.xml
	android:versionCode
		ADDED from PhysicsAndroid/Ampere/AndroidManifest.xml:4:5-28
		INJECTED from PhysicsAndroid/Ampere/AndroidManifest.xml
		INJECTED from PhysicsAndroid/Ampere/AndroidManifest.xml
	xmlns:android
		ADDED from PhysicsAndroid/Ampere/AndroidManifest.xml:2:11-69
uses-sdk
ADDED from PhysicsAndroid/Ampere/AndroidManifest.xml:7:5-72
	android:targetSdkVersion
		ADDED from PhysicsAndroid/Ampere/AndroidManifest.xml:7:41-69
	android:minSdkVersion
		ADDED from PhysicsAndroid/Ampere/AndroidManifest.xml:7:15-40
application
ADDED from PhysicsAndroid/Ampere/AndroidManifest.xml:9:5-21:19
	android:label
		ADDED from PhysicsAndroid/Ampere/AndroidManifest.xml:12:9-41
	android:allowBackup
		ADDED from PhysicsAndroid/Ampere/AndroidManifest.xml:10:9-35
	android:icon
		ADDED from PhysicsAndroid/Ampere/AndroidManifest.xml:11:9-40
activity#jp.ac.u_ryukyu.phys.Ampere.AmpereActivity
ADDED from PhysicsAndroid/Ampere/AndroidManifest.xml:13:9-20:20
	android:screenOrientation
		ADDED from PhysicsAndroid/Ampere/AndroidManifest.xml:15:44-81
	android:label
		ADDED from PhysicsAndroid/Ampere/AndroidManifest.xml:14:13-45
	android:configChanges
		ADDED from PhysicsAndroid/Ampere/AndroidManifest.xml:15:82-132
	android:name
		ADDED from PhysicsAndroid/Ampere/AndroidManifest.xml:15:13-43
intent-filter#android.intent.action.MAIN+android.intent.category.LAUNCHER
ADDED from PhysicsAndroid/Ampere/AndroidManifest.xml:16:13-19:29
action#android.intent.action.MAIN
ADDED from PhysicsAndroid/Ampere/AndroidManifest.xml:17:17-69
	android:name
		ADDED from PhysicsAndroid/Ampere/AndroidManifest.xml:17:25-66
category#android.intent.category.LAUNCHER
ADDED from PhysicsAndroid/Ampere/AndroidManifest.xml:18:17-77
	android:name
		ADDED from PhysicsAndroid/Ampere/AndroidManifest.xml:18:27-74